Start testing: Oct 03 19:01 CEST
----------------------------------------------------------
1/1 Testing: AllTestsAllocator
1/1 Test: AllTestsAllocator
Command: "/home/gabi/Documents/ecole/sepc/allocateur_memoire/build/alloctest"
Directory: /home/gabi/Documents/ecole/sepc/allocateur_memoire/build
"AllTestsAllocator" start time: Oct 03 19:01 CEST
Output:
----------------------------------------------------------
[==========] Running 12 tests from 4 test suites.
[----------] Global test environment set-up.
[----------] 1 test from Mark
[ RUN      ] Mark.mmix
[       OK ] Mark.mmix (0 ms)
[----------] 1 test from Mark (0 ms total)

[----------] 7 tests from Basic
[ RUN      ] Basic.zero
[       OK ] Basic.zero (0 ms)
[ RUN      ] Basic.onetinysmall
[       OK ] Basic.onetinysmall (0 ms)
[ RUN      ] Basic.onelargesmall
[       OK ] Basic.onelargesmall (0 ms)
[ RUN      ] Basic.onemedium
[       OK ] Basic.onemedium (0 ms)
[ RUN      ] Basic.onelarge
[       OK ] Basic.onelarge (0 ms)
[ RUN      ] Basic.oneallocloopsmall
[       OK ] Basic.oneallocloopsmall (0 ms)
[ RUN      ] Basic.oneallocloopmedium
[       OK ] Basic.oneallocloopmedium (0 ms)
[----------] 7 tests from Basic (0 ms total)

[----------] 3 tests from Generic
[ RUN      ] Generic.loopevenoddsmall
[       OK ] Generic.loopevenoddsmall (0 ms)
[ RUN      ] Generic.loopevenoddmedium
[       OK ] Generic.loopevenoddmedium (0 ms)
[ RUN      ] Generic.aleatoire
<end of output>
Test time =   0.15 sec
----------------------------------------------------------
Test Failed.
"AllTestsAllocator" end time: Oct 03 19:01 CEST
"AllTestsAllocator" time elapsed: 00:00:00
----------------------------------------------------------

End testing: Oct 03 19:01 CEST
